<?xml version="1.0" encoding="UTF-8"?>
<!-- Generated by org.testng.reporters.JUnitReportReporter -->
<testsuite hostname="hp" failures="0" tests="1" name="seriealizationAndDes.CreateViratKohli" time="4.121" errors="0" timestamp="2023-12-12T14:48:50 IST" skipped="0">
  <testcase classname="seriealizationAndDes.CreateViratKohli" name="createuser" time="4.121"/>
  <system-out/>
</testsuite> <!-- seriealizationAndDes.CreateViratKohli -->
