<?xml version="1.0" encoding="UTF-8"?>
<!-- Generated by org.testng.reporters.JUnitReportReporter -->
<testsuite hostname="hp" failures="0" tests="2" name="basic.CreateUser" time="3.301" errors="0" timestamp="2023-12-12T14:54:28 IST" skipped="1">
  <testcase classname="basic.CreateUser" name="fetch" time="3.301"/>
  <system-out/>
  <testcase classname="basic.CreateUser" name="create">
    <skipped/>
  </testcase> <!-- create -->
  <system-out/>
</testsuite> <!-- basic.CreateUser -->
