<?xml version="1.0" encoding="UTF-8"?>
<!-- Generated by org.testng.reporters.JUnitReportReporter -->
<testsuite hostname="hp" failures="0" tests="1" name="seriealizationAndDes.SingleUserTest" time="2.387" errors="0" timestamp="2023-12-12T11:41:24 IST" skipped="0">
  <testcase classname="seriealizationAndDes.SingleUserTest" name="Fetchdata" time="2.387"/>
  <system-out/>
</testsuite> <!-- seriealizationAndDes.SingleUserTest -->
