<?xml version="1.0" encoding="UTF-8"?>
<!-- Generated by org.testng.reporters.JUnitReportReporter -->
<testsuite hostname="hp" failures="0" tests="1" name="seriealizationAndDes.ListUserTest" time="2.914" errors="0" timestamp="2023-12-12T12:22:46 IST" skipped="0">
  <testcase classname="seriealizationAndDes.ListUserTest" name="fetchdatalist" time="2.914"/>
  <system-out/>
</testsuite> <!-- seriealizationAndDes.ListUserTest -->
