<?xml version="1.0" encoding="UTF-8"?>
<!-- Generated by org.testng.reporters.JUnitReportReporter -->
<testsuite hostname="DESKTOP-SK6KN3T" failures="0" tests="2" name="basic.CreateUser" time="4.476" errors="0" timestamp="2023-12-12T16:15:26 IST" skipped="1">
  <testcase classname="basic.CreateUser" name="fetch" time="4.476"/>
  <system-out/>
  <testcase classname="basic.CreateUser" name="create">
    <skipped/>
  </testcase> <!-- create -->
  <system-out/>
</testsuite> <!-- basic.CreateUser -->
